[   17888ms] [WARNING] Image with src "https://www.carmodoo.com/data/__carPhoto/006/574/107/cmcar_0.jpg__THUM" was detected as the Largest Contentful Paint (LCP). Please add the `loading="eager"` property if this image is above the fold.
Read more: https://nextjs.org/docs/app/api-reference/components/image#loading @ http://localhost:3000/_next/static/chunks/node_modules_next_dist_f3530cac._.js:2297
[   74070ms] [ERROR] %o

%s ReferenceError: INSPECTION_LABELS is not defined
    at <anonymous> (about://React/Server/file:///Users/shindmitriy/Desktop/Coding/AlexDrive/alexdriveapp/.next/dev/server/chunks/ssr/%5Broot-of-the-server%5D__3470f665._.js?189:645:59)
    at Array.map (<anonymous>:1:18)
    at CarDetailContent (about://React/Server/file:///Users/shindmitriy/Desktop/Coding/AlexDrive/alexdriveapp/.next/dev/server/chunks/ssr/%5Broot-of-the-server%5D__3470f665._.js?190:635:70)
    at resolveErrorDev (http://localhost:3000/_next/static/chunks/node_modules_next_dist_compiled_react-server-dom-turbopack_9212ccad._.js:1894:148)
    at processFullStringRow (http://localhost:3000/_next/static/chunks/node_modules_next_dist_compiled_react-server-dom-turbopack_9212ccad._.js:2402:29)
    at processFullBinaryRow (http://localhost:3000/_next/static/chunks/node_modules_next_dist_compiled_react-server-dom-turbopack_9212ccad._.js:2361:9)
    at processBinaryChunk (http://localhost:3000/_next/static/chunks/node_modules_next_dist_compiled_react-server-dom-turbopack_9212ccad._.js:2470:221)
    at progress (http://localhost:3000/_next/static/chunks/node_modules_next_dist_compiled_react-server-dom-turbopack_9212ccad._.js:2640:13) The above error occurred in the <CarDetailContent> component. It was handled by the <ErrorBoundaryHandler> error boundary. @ http://localhost:3000/_next/static/chunks/node_modules_next_dist_client_17643121._.js:1342
[   74072ms] [ERROR] Car detail page error: ReferenceError: INSPECTION_LABELS is not defined
    at <anonymous> (about://React/Server/file:///Users/shindmitriy/Desktop/Coding/AlexDrive/alexdriveapp/.next/dev/server/chunks/ssr/%5Broot-of-the-server%5D__3470f665._.js?189:645:59)
    at Array.map (<anonymous>:1:18)
    at CarDetailContent (about://React/Server/file:///Users/shindmitriy/Desktop/Coding/AlexDrive/alexdriveapp/.next/dev/server/chunks/ssr/%5Broot-of-the-server%5D__3470f665._.js?190:635:70)
    at resolveErrorDev (http://localhost:3000/_next/static/chunks/node_modules_next_dist_compiled_react-server-dom-turbopack_9212ccad._.js:1894:148)
    at processFullStringRow (http://localhost:3000/_next/static/chunks/node_modules_next_dist_compiled_react-server-dom-turbopack_9212ccad._.js:2402:29)
    at processFullBinaryRow (http://localhost:3000/_next/static/chunks/node_modules_next_dist_compiled_react-server-dom-turbopack_9212ccad._.js:2361:9)
    at processBinaryChunk (http://localhost:3000/_next/static/chunks/node_modules_next_dist_compiled_react-server-dom-turbopack_9212ccad._.js:2470:221)
    at progress (http://localhost:3000/_next/static/chunks/node_modules_next_dist_compiled_react-server-dom-turbopack_9212ccad._.js:2640:13) @ http://localhost:3000/_next/static/chunks/node_modules_next_dist_f3530cac._.js:3127
[   74072ms] [ERROR] Car detail page error: ReferenceError: INSPECTION_LABELS is not defined
    at <anonymous> (about://React/Server/file:///Users/shindmitriy/Desktop/Coding/AlexDrive/alexdriveapp/.next/dev/server/chunks/ssr/%5Broot-of-the-server%5D__3470f665._.js?189:645:59)
    at Array.map (<anonymous>:1:18)
    at CarDetailContent (about://React/Server/file:///Users/shindmitriy/Desktop/Coding/AlexDrive/alexdriveapp/.next/dev/server/chunks/ssr/%5Broot-of-the-server%5D__3470f665._.js?190:635:70)
    at resolveErrorDev (http://localhost:3000/_next/static/chunks/node_modules_next_dist_compiled_react-server-dom-turbopack_9212ccad._.js:1894:148)
    at processFullStringRow (http://localhost:3000/_next/static/chunks/node_modules_next_dist_compiled_react-server-dom-turbopack_9212ccad._.js:2402:29)
    at processFullBinaryRow (http://localhost:3000/_next/static/chunks/node_modules_next_dist_compiled_react-server-dom-turbopack_9212ccad._.js:2361:9)
    at processBinaryChunk (http://localhost:3000/_next/static/chunks/node_modules_next_dist_compiled_react-server-dom-turbopack_9212ccad._.js:2470:221)
    at progress (http://localhost:3000/_next/static/chunks/node_modules_next_dist_compiled_react-server-dom-turbopack_9212ccad._.js:2640:13) @ http://localhost:3000/_next/static/chunks/node_modules_next_dist_f3530cac._.js:3127
